<?xml version="1.0" encoding="UTF-8"?>
<!-- Generated by org.testng.reporters.JUnitXMLReporter -->
<testsuite ignored="15" hostname="Neils-MacBook-Pro.local" failures="0" tests="1" name="Default test" time="5.347" errors="0" timestamp="2023-12-30T01:03:58 IST">
  <testcase classname="com.qa.growpital.base.BaseTest" name="@BeforeTest setup" time="-1.703878432904E9">
    <failure type="org.testng.TestNGException" message="
Parameter &amp;apos;browser&amp;apos; is required by BeforeTest on method setup but has not been marked @Optional or defined
in /private/var/folders/mx/pfcd8gcn0db1jyp79_06tyy00000gn/T/testng-eclipse--226872523/testng-customsuite.xml">
      <![CDATA[org.testng.TestNGException: 
Parameter 'browser' is required by BeforeTest on method setup but has not been marked @Optional or defined
in /private/var/folders/mx/pfcd8gcn0db1jyp79_06tyy00000gn/T/testng-eclipse--226872523/testng-customsuite.xml
at org.testng.internal.Parameters.createParams(Parameters.java:270)
at org.testng.internal.Parameters.createParametersForMethod(Parameters.java:358)
at org.testng.internal.Parameters.createParameters(Parameters.java:700)
at org.testng.internal.Parameters.createConfigurationParameters(Parameters.java:168)
at org.testng.internal.ConfigInvoker.invokeConfigurations(ConfigInvoker.java:302)
at org.testng.TestRunner.invokeTestConfigurations(TestRunner.java:637)
at org.testng.TestRunner.beforeRun(TestRunner.java:627)
at org.testng.TestRunner.run(TestRunner.java:589)
at org.testng.SuiteRunner.runTest(SuiteRunner.java:377)
at org.testng.SuiteRunner.runSequentially(SuiteRunner.java:371)
at org.testng.SuiteRunner.privateRun(SuiteRunner.java:332)
at org.testng.SuiteRunner.run(SuiteRunner.java:276)
at org.testng.SuiteRunnerWorker.runSuite(SuiteRunnerWorker.java:53)
at org.testng.SuiteRunnerWorker.run(SuiteRunnerWorker.java:96)
at org.testng.TestNG.runSuitesSequentially(TestNG.java:1212)
at org.testng.TestNG.runSuitesLocally(TestNG.java:1134)
at org.testng.TestNG.runSuites(TestNG.java:1063)
at org.testng.TestNG.run(TestNG.java:1031)
at org.testng.remote.AbstractRemoteTestNG.run(AbstractRemoteTestNG.java:115)
at org.testng.remote.RemoteTestNG.initAndRun(RemoteTestNG.java:251)
at org.testng.remote.RemoteTestNG.main(RemoteTestNG.java:77)
]]>
    </failure>
  </testcase> <!-- @BeforeTest setup -->
  <testcase classname="com.qa.growpital.base.BaseTest" name="@AfterTest tearDown" time="-1.703878438224E9">
    <skipped/>
  </testcase> <!-- @AfterTest tearDown -->
  <testcase classname="com.qa.growpital.tests.InvestPageTest" name="verifyDashboardPageTitle" time="0.0">
    <skipped/>
  </testcase> <!-- verifyDashboardPageTitle -->
  <testcase classname="com.qa.growpital.tests.InvestPageTest" name="verifyInvestmentPaymentPageURL" time="0.0">
    <ignored/>
  </testcase> <!-- verifyInvestmentPaymentPageURL -->
  <testcase classname="com.qa.growpital.tests.InvestPageTest" name="verifyContinueButtonIsEnabled" time="0.0">
    <ignored/>
  </testcase> <!-- verifyContinueButtonIsEnabled -->
  <testcase classname="com.qa.growpital.tests.InvestPageTest" name="verifyPlanPurchaseText" time="0.0">
    <ignored/>
  </testcase> <!-- verifyPlanPurchaseText -->
  <testcase classname="com.qa.growpital.tests.InvestPageTest" name="verifySubHeading" time="0.0">
    <ignored/>
  </testcase> <!-- verifySubHeading -->
  <testcase classname="com.qa.growpital.tests.InvestPageTest" name="verifySelectInvestmentPageURL" time="0.0">
    <ignored/>
  </testcase> <!-- verifySelectInvestmentPageURL -->
  <testcase classname="com.qa.growpital.tests.InvestPageTest" name="verifyUnitCalculationCardHead" time="0.0">
    <ignored/>
  </testcase> <!-- verifyUnitCalculationCardHead -->
  <testcase classname="com.qa.growpital.tests.InvestPageTest" name="verifyContinueButtonIsDisabled" time="0.0">
    <ignored/>
  </testcase> <!-- verifyContinueButtonIsDisabled -->
  <testcase classname="com.qa.growpital.tests.InvestPageTest" name="verifyCancelPlanPageTitle" time="0.0">
    <ignored/>
  </testcase> <!-- verifyCancelPlanPageTitle -->
  <testcase classname="com.qa.growpital.tests.InvestPageTest" name="verifyInvestPageTitle" time="0.0">
    <ignored/>
  </testcase> <!-- verifyInvestPageTitle -->
  <testcase classname="com.qa.growpital.tests.InvestPageTest" name="verifyInvestPageURL" time="0.0">
    <ignored/>
  </testcase> <!-- verifyInvestPageURL -->
  <testcase classname="com.qa.growpital.tests.InvestPageTest" name="verifyStatusOfPlan" time="0.0">
    <ignored/>
  </testcase> <!-- verifyStatusOfPlan -->
  <testcase classname="com.qa.growpital.tests.InvestPageTest" name="verifyMandatoryTextInfoBeforeSigningConsentLetter" time="0.0">
    <ignored/>
  </testcase> <!-- verifyMandatoryTextInfoBeforeSigningConsentLetter -->
  <testcase classname="com.qa.growpital.tests.InvestPageTest" name="verifyPaymentMessage" time="0.0">
    <ignored/>
  </testcase> <!-- verifyPaymentMessage -->
  <testcase classname="com.qa.growpital.tests.InvestPageTest" name="verifyConsentLetterPageURL" time="0.0">
    <ignored/>
  </testcase> <!-- verifyConsentLetterPageURL -->
  <testcase classname="com.qa.growpital.tests.InvestPageTest" name="verifyIsPaymentPageContinueButton" time="0.0">
    <ignored/>
  </testcase> <!-- verifyIsPaymentPageContinueButton -->
</testsuite> <!-- Default test -->
